<?xml version="1.0" encoding="UTF-8"?>
<!-- Generated by org.testng.reporters.JUnitReportReporter -->
<testsuite hostname="LTIN487181" failures="0" tests="16" name="testCases.TC_005_VerifyingFifthNews" time="49.372" errors="0" timestamp="2024-03-29T19:59:50 IST" skipped="0">
  <testcase classname="testCases.TC_005_VerifyingFifthNews" name="Launch" time="4.205"/>
  <testcase classname="testCases.TC_005_VerifyingFifthNews" name="Launch" time="4.055"/>
  <testcase classname="testCases.TC_005_VerifyingFifthNews" name="UserInfo" time="8.502"/>
  <testcase classname="testCases.TC_005_VerifyingFifthNews" name="UserInfo" time="8.554"/>
  <testcase classname="testCases.TC_005_VerifyingFifthNews" name="validateTitle" time="0.590"/>
  <testcase classname="testCases.TC_005_VerifyingFifthNews" name="isVisisble" time="0.023"/>
  <testcase classname="testCases.TC_005_VerifyingFifthNews" name="validateTitle" time="0.562"/>
  <testcase classname="testCases.TC_005_VerifyingFifthNews" name="isVisisble" time="0.071"/>
  <testcase classname="testCases.TC_005_VerifyingFifthNews" name="description" time="6.676"/>
  <testcase classname="testCases.TC_005_VerifyingFifthNews" name="description" time="4.797"/>
  <testcase classname="testCases.TC_005_VerifyingFifthNews" name="shareButton" time="0.349"/>
  <testcase classname="testCases.TC_005_VerifyingFifthNews" name="shareButton" time="0.474"/>
  <testcase classname="testCases.TC_005_VerifyingFifthNews" name="likesNviews" time="5.160"/>
  <testcase classname="testCases.TC_005_VerifyingFifthNews" name="likesNviews" time="5.186"/>
  <testcase classname="testCases.TC_005_VerifyingFifthNews" name="validateLinks" time="0.070"/>
  <testcase classname="testCases.TC_005_VerifyingFifthNews" name="validateLinks" time="0.098"/>
</testsuite> <!-- testCases.TC_005_VerifyingFifthNews -->
