<?xml version="1.0" encoding="UTF-8"?>
<!-- Generated by org.testng.reporters.JUnitReportReporter -->
<testsuite hostname="LTIN487181" failures="0" tests="20" name="testCases.TC_001_VerifyingFirstNews" time="80.767" errors="0" timestamp="2024-03-29T19:59:50 IST" skipped="0">
  <testcase classname="testCases.TC_001_VerifyingFirstNews" name="Launch" time="6.045"/>
  <testcase classname="testCases.TC_001_VerifyingFirstNews" name="Launch" time="4.509"/>
  <testcase classname="testCases.TC_001_VerifyingFirstNews" name="UserInfo" time="8.727"/>
  <testcase classname="testCases.TC_001_VerifyingFirstNews" name="UserInfo" time="8.500"/>
  <testcase classname="testCases.TC_001_VerifyingFirstNews" name="isVisisble" time="0.069"/>
  <testcase classname="testCases.TC_001_VerifyingFirstNews" name="isVisisble" time="0.068"/>
  <testcase classname="testCases.TC_001_VerifyingFirstNews" name="validateTitle" time="0.631"/>
  <testcase classname="testCases.TC_001_VerifyingFirstNews" name="validateTitle" time="0.592"/>
  <testcase classname="testCases.TC_001_VerifyingFirstNews" name="description" time="1.331"/>
  <testcase classname="testCases.TC_001_VerifyingFirstNews" name="description" time="1.553"/>
  <testcase classname="testCases.TC_001_VerifyingFirstNews" name="validateAuthor" time="9.499"/>
  <testcase classname="testCases.TC_001_VerifyingFirstNews" name="validateAuthor" time="10.336"/>
  <testcase classname="testCases.TC_001_VerifyingFirstNews" name="shareButton" time="0.289"/>
  <testcase classname="testCases.TC_001_VerifyingFirstNews" name="shareButton" time="0.293"/>
  <testcase classname="testCases.TC_001_VerifyingFirstNews" name="likesNviews" time="3.151"/>
  <testcase classname="testCases.TC_001_VerifyingFirstNews" name="likesNviews" time="3.187"/>
  <testcase classname="testCases.TC_001_VerifyingFirstNews" name="validateLinks" time="12.020"/>
  <testcase classname="testCases.TC_001_VerifyingFirstNews" name="validateLinks" time="8.824"/>
  <testcase classname="testCases.TC_001_VerifyingFirstNews" name="writeExcelData" time="0.071"/>
  <testcase classname="testCases.TC_001_VerifyingFirstNews" name="writeExcelData" time="1.072"/>
</testsuite> <!-- testCases.TC_001_VerifyingFirstNews -->
