<?xml version="1.0" encoding="UTF-8"?>
<!-- Generated by org.testng.reporters.JUnitReportReporter -->
<testsuite hostname="LTIN487181" failures="0" tests="20" name="testCases.TC_003_VerifyingThirdNews" time="75.687" errors="0" timestamp="2024-03-29T19:59:50 IST" skipped="0">
  <testcase classname="testCases.TC_003_VerifyingThirdNews" name="Launch" time="6.888"/>
  <testcase classname="testCases.TC_003_VerifyingThirdNews" name="Launch" time="4.244"/>
  <testcase classname="testCases.TC_003_VerifyingThirdNews" name="UserInfo" time="8.793"/>
  <testcase classname="testCases.TC_003_VerifyingThirdNews" name="UserInfo" time="8.728"/>
  <testcase classname="testCases.TC_003_VerifyingThirdNews" name="validateTitle" time="0.608"/>
  <testcase classname="testCases.TC_003_VerifyingThirdNews" name="isVisisble" time="0.052"/>
  <testcase classname="testCases.TC_003_VerifyingThirdNews" name="isVisisble" time="0.073"/>
  <testcase classname="testCases.TC_003_VerifyingThirdNews" name="validateTitle" time="0.561"/>
  <testcase classname="testCases.TC_003_VerifyingThirdNews" name="description" time="2.638"/>
  <testcase classname="testCases.TC_003_VerifyingThirdNews" name="description" time="1.362"/>
  <testcase classname="testCases.TC_003_VerifyingThirdNews" name="validateAuthor" time="7.712"/>
  <testcase classname="testCases.TC_003_VerifyingThirdNews" name="validateAuthor" time="7.745"/>
  <testcase classname="testCases.TC_003_VerifyingThirdNews" name="shareButton" time="0.369"/>
  <testcase classname="testCases.TC_003_VerifyingThirdNews" name="shareButton" time="0.412"/>
  <testcase classname="testCases.TC_003_VerifyingThirdNews" name="likesNviews" time="5.150"/>
  <testcase classname="testCases.TC_003_VerifyingThirdNews" name="likesNviews" time="5.238"/>
  <testcase classname="testCases.TC_003_VerifyingThirdNews" name="validateLinks" time="7.991"/>
  <testcase classname="testCases.TC_003_VerifyingThirdNews" name="validateLinks" time="6.989"/>
  <testcase classname="testCases.TC_003_VerifyingThirdNews" name="writeExcelData" time="0.059"/>
  <testcase classname="testCases.TC_003_VerifyingThirdNews" name="writeExcelData" time="0.075"/>
</testsuite> <!-- testCases.TC_003_VerifyingThirdNews -->
