<?xml version="1.0" encoding="UTF-8"?>
<!-- Generated by org.testng.reporters.JUnitReportReporter -->
<testsuite hostname="LTIN487181" failures="0" tests="20" name="testCases.TC_004_VerifyingFourthNews" time="72.367" errors="0" timestamp="2024-03-29T19:59:50 IST" skipped="0">
  <testcase classname="testCases.TC_004_VerifyingFourthNews" name="Launch" time="3.659"/>
  <testcase classname="testCases.TC_004_VerifyingFourthNews" name="Launch" time="5.427"/>
  <testcase classname="testCases.TC_004_VerifyingFourthNews" name="UserInfo" time="8.474"/>
  <testcase classname="testCases.TC_004_VerifyingFourthNews" name="UserInfo" time="8.493"/>
  <testcase classname="testCases.TC_004_VerifyingFourthNews" name="validateTitle" time="0.589"/>
  <testcase classname="testCases.TC_004_VerifyingFourthNews" name="validateTitle" time="0.597"/>
  <testcase classname="testCases.TC_004_VerifyingFourthNews" name="isVisisble" time="0.051"/>
  <testcase classname="testCases.TC_004_VerifyingFourthNews" name="isVisisble" time="0.070"/>
  <testcase classname="testCases.TC_004_VerifyingFourthNews" name="description" time="1.419"/>
  <testcase classname="testCases.TC_004_VerifyingFourthNews" name="description" time="1.595"/>
  <testcase classname="testCases.TC_004_VerifyingFourthNews" name="validateAuthor" time="7.519"/>
  <testcase classname="testCases.TC_004_VerifyingFourthNews" name="validateAuthor" time="8.094"/>
  <testcase classname="testCases.TC_004_VerifyingFourthNews" name="shareButton" time="0.305"/>
  <testcase classname="testCases.TC_004_VerifyingFourthNews" name="shareButton" time="0.339"/>
  <testcase classname="testCases.TC_004_VerifyingFourthNews" name="likesNviews" time="5.232"/>
  <testcase classname="testCases.TC_004_VerifyingFourthNews" name="likesNviews" time="5.242"/>
  <testcase classname="testCases.TC_004_VerifyingFourthNews" name="validateLinks" time="7.494"/>
  <testcase classname="testCases.TC_004_VerifyingFourthNews" name="validateLinks" time="7.665"/>
  <testcase classname="testCases.TC_004_VerifyingFourthNews" name="writeExcelData" time="0.061"/>
  <testcase classname="testCases.TC_004_VerifyingFourthNews" name="writeExcelData" time="0.042"/>
</testsuite> <!-- testCases.TC_004_VerifyingFourthNews -->
