<?xml version="1.0" encoding="UTF-8"?>
<!-- Generated by org.testng.reporters.JUnitReportReporter -->
<testsuite hostname="LTIN487181" failures="0" tests="20" name="testCases.TC_002_VerifyingSecondNews" time="67.351" errors="0" timestamp="2024-03-29T19:59:50 IST" skipped="0">
  <testcase classname="testCases.TC_002_VerifyingSecondNews" name="Launch" time="6.512"/>
  <testcase classname="testCases.TC_002_VerifyingSecondNews" name="Launch" time="3.991"/>
  <testcase classname="testCases.TC_002_VerifyingSecondNews" name="UserInfo" time="9.214"/>
  <testcase classname="testCases.TC_002_VerifyingSecondNews" name="UserInfo" time="8.416"/>
  <testcase classname="testCases.TC_002_VerifyingSecondNews" name="isVisisble" time="0.107"/>
  <testcase classname="testCases.TC_002_VerifyingSecondNews" name="validateTitle" time="0.551"/>
  <testcase classname="testCases.TC_002_VerifyingSecondNews" name="validateTitle" time="0.563"/>
  <testcase classname="testCases.TC_002_VerifyingSecondNews" name="isVisisble" time="0.028"/>
  <testcase classname="testCases.TC_002_VerifyingSecondNews" name="description" time="1.119"/>
  <testcase classname="testCases.TC_002_VerifyingSecondNews" name="description" time="1.197"/>
  <testcase classname="testCases.TC_002_VerifyingSecondNews" name="validateAuthor" time="7.915"/>
  <testcase classname="testCases.TC_002_VerifyingSecondNews" name="validateAuthor" time="6.300"/>
  <testcase classname="testCases.TC_002_VerifyingSecondNews" name="shareButton" time="0.244"/>
  <testcase classname="testCases.TC_002_VerifyingSecondNews" name="shareButton" time="0.215"/>
  <testcase classname="testCases.TC_002_VerifyingSecondNews" name="likesNviews" time="5.172"/>
  <testcase classname="testCases.TC_002_VerifyingSecondNews" name="likesNviews" time="5.216"/>
  <testcase classname="testCases.TC_002_VerifyingSecondNews" name="validateLinks" time="5.351"/>
  <testcase classname="testCases.TC_002_VerifyingSecondNews" name="validateLinks" time="5.086"/>
  <testcase classname="testCases.TC_002_VerifyingSecondNews" name="writeExcelData" time="0.104"/>
  <testcase classname="testCases.TC_002_VerifyingSecondNews" name="writeExcelData" time="0.050"/>
</testsuite> <!-- testCases.TC_002_VerifyingSecondNews -->
